Using pre-set license
Built from '2022.3/staging' branch; Version is '2022.3.44f1 (c3ae09b9f03c) revision 12824073'; Using compiler version '192829333'; Build Type 'Release'
OS: 'Windows 10  (10.0.19045) 64bit Professional' Language: 'en' Physical Memory: 16310 MB
BatchMode: 1, IsHumanControllingUs: 0, StartBugReporterOnCrash: 0, Is64bit: 1, IsPro: 1

COMMAND LINE ARGUMENTS:
D:\Unity\2022.3.44f1\Editor\Unity.exe
-adb2
-batchMode
-noUpm
-name
AssetImportWorker3
-projectPath
D:/FireFox Downloads/2d Game project/Turtles vs Straws
-logFile
Logs/AssetImportWorker3.log
-srvPort
50537
Successfully changed project path to: D:/FireFox Downloads/2d Game project/Turtles vs Straws
D:/FireFox Downloads/2d Game project/Turtles vs Straws
[UnityMemory] Configuration Parameters - Can be set up in boot.config
    "memorysetup-bucket-allocator-granularity=16"
    "memorysetup-bucket-allocator-bucket-count=8"
    "memorysetup-bucket-allocator-block-size=33554432"
    "memorysetup-bucket-allocator-block-count=8"
    "memorysetup-main-allocator-block-size=16777216"
    "memorysetup-thread-allocator-block-size=16777216"
    "memorysetup-gfx-main-allocator-block-size=16777216"
    "memorysetup-gfx-thread-allocator-block-size=16777216"
    "memorysetup-cache-allocator-block-size=4194304"
    "memorysetup-typetree-allocator-block-size=2097152"
    "memorysetup-profiler-bucket-allocator-granularity=16"
    "memorysetup-profiler-bucket-allocator-bucket-count=8"
    "memorysetup-profiler-bucket-allocator-block-size=33554432"
    "memorysetup-profiler-bucket-allocator-block-count=8"
    "memorysetup-profiler-allocator-block-size=16777216"
    "memorysetup-profiler-editor-allocator-block-size=1048576"
    "memorysetup-temp-allocator-size-main=16777216"
    "memorysetup-job-temp-allocator-block-size=2097152"
    "memorysetup-job-temp-allocator-block-size-background=1048576"
    "memorysetup-job-temp-allocator-reduction-small-platforms=262144"
    "memorysetup-allocator-temp-initial-block-size-main=262144"
    "memorysetup-allocator-temp-initial-block-size-worker=262144"
    "memorysetup-temp-allocator-size-background-worker=32768"
    "memorysetup-temp-allocator-size-job-worker=262144"
    "memorysetup-temp-allocator-size-preload-manager=33554432"
    "memorysetup-temp-allocator-size-nav-mesh-worker=65536"
    "memorysetup-temp-allocator-size-audio-worker=65536"
    "memorysetup-temp-allocator-size-cloud-worker=32768"
    "memorysetup-temp-allocator-size-gi-baking-worker=262144"
    "memorysetup-temp-allocator-size-gfx=262144"
Player connection [84340]  Target information:

Player connection [84340]  * "[IP] 192.168.56.1 [Port] 0 [Flags] 2 [Guid] 2505729736 [EditorId] 2505729736 [Version] 1048832 [Id] WindowsEditor(7,DESKTOP-BUMU8OR) [Debug] 1 [PackageName] WindowsEditor [ProjectName] Editor" 

Player connection [84340]  * "[IP] 192.168.45.1 [Port] 0 [Flags] 2 [Guid] 2505729736 [EditorId] 2505729736 [Version] 1048832 [Id] WindowsEditor(7,DESKTOP-BUMU8OR) [Debug] 1 [PackageName] WindowsEditor [ProjectName] Editor" 

Player connection [84340]  * "[IP] 192.168.1.67 [Port] 0 [Flags] 2 [Guid] 2505729736 [EditorId] 2505729736 [Version] 1048832 [Id] WindowsEditor(7,DESKTOP-BUMU8OR) [Debug] 1 [PackageName] WindowsEditor [ProjectName] Editor" 

Player connection [84340] Host joined multi-casting on [225.0.0.222:54997]...
Player connection [84340] Host joined alternative multi-casting on [225.0.0.222:34997]...
[PhysX] Initialized MultithreadedTaskDispatcher with 12 workers.
Refreshing native plugins compatible for Editor in 717.87 ms, found 4 plugins.
Preloading 0 native plugins for Editor in 0.00 ms.
Initialize engine version: 2022.3.44f1 (c3ae09b9f03c)
[Subsystems] Discovering subsystems at path D:/Unity/2022.3.44f1/Editor/Data/Resources/UnitySubsystems
[Subsystems] Discovering subsystems at path D:/FireFox Downloads/2d Game project/Turtles vs Straws/Assets
GfxDevice: creating device client; threaded=0; jobified=0
Direct3D:
    Version:  Direct3D 11.0 [level 11.1]
    Renderer: NVIDIA GeForce RTX 3060 (ID=0x2504)
    Vendor:   NVIDIA
    VRAM:     12115 MB
    Driver:   32.0.15.6094
Initialize mono
Mono path[0] = 'D:/Unity/2022.3.44f1/Editor/Data/Managed'
Mono path[1] = 'D:/Unity/2022.3.44f1/Editor/Data/MonoBleedingEdge/lib/mono/unityjit-win32'
Mono config path = 'D:/Unity/2022.3.44f1/Editor/Data/MonoBleedingEdge/etc'
Using monoOptions --debugger-agent=transport=dt_socket,embedding=1,server=y,suspend=n,address=127.0.0.1:56312
Begin MonoManager ReloadAssembly
Registering precompiled unity dll's ...
Register platform support module: D:/Unity/2022.3.44f1/Editor/Data/PlaybackEngines/WebGLSupport/UnityEditor.WebGL.Extensions.dll
Register platform support module: D:/Unity/2022.3.44f1/Editor/Data/PlaybackEngines/WindowsStandaloneSupport/UnityEditor.WindowsStandalone.Extensions.dll
Registered in 0.005149 seconds.
- Loaded All Assemblies, in  2.351 seconds
Native extension for WindowsStandalone target not found
Native extension for WebGL target not found
Mono: successfully reloaded assembly
- Finished resetting the current domain, in  0.280 seconds
Domain Reload Profiling: 2631ms
	BeginReloadAssembly (114ms)
		ExecutionOrderSort (0ms)
		DisableScriptedObjects (0ms)
		BackupInstance (0ms)
		ReleaseScriptingObjects (0ms)
		CreateAndSetChildDomain (1ms)
	RebuildCommonClasses (564ms)
	RebuildNativeTypeToScriptingClass (8ms)
	initialDomainReloadingComplete (45ms)
	LoadAllAssembliesAndSetupDomain (1620ms)
		LoadAssemblies (114ms)
		RebuildTransferFunctionScriptingTraits (0ms)
		AnalyzeDomain (1617ms)
			TypeCache.Refresh (1615ms)
				TypeCache.ScanAssembly (1566ms)
			ScanForSourceGeneratedMonoScriptInfo (0ms)
			ResolveRequiredComponents (0ms)
	FinalizeReload (280ms)
		ReleaseScriptCaches (0ms)
		RebuildScriptCaches (0ms)
		SetupLoadedEditorAssemblies (239ms)
			LogAssemblyErrors (0ms)
			InitializePlatformSupportModulesInManaged (9ms)
			SetLoadedEditorAssemblies (5ms)
			RefreshPlugins (0ms)
			BeforeProcessingInitializeOnLoad (2ms)
			ProcessInitializeOnLoadAttributes (168ms)
			ProcessInitializeOnLoadMethodAttributes (55ms)
			AfterProcessingInitializeOnLoad (0ms)
			EditorAssembliesLoaded (0ms)
		ExecutionOrderSort2 (0ms)
		AwakeInstancesAfterBackupRestoration (0ms)
========================================================================
Worker process is ready to serve import requests
Caller must complete domain reload
Begin MonoManager ReloadAssembly
- Loaded All Assemblies, in  0.933 seconds
Native extension for WindowsStandalone target not found
Native extension for WebGL target not found
Package Manager log level set to [2]
[Package Manager] Server::EnsureServerProcessIsRunning -- launch failed, reason: Unity was launched with the -noUpm command-line argument
[Package Manager] UpmClient::Send -- Unable to send message (not connected to UPM process).
[Package Manager] Cannot connect to Unity Package Manager local server
Mono: successfully reloaded assembly
- Finished resetting the current domain, in  1.029 seconds
Domain Reload Profiling: 1961ms
	BeginReloadAssembly (149ms)
		ExecutionOrderSort (0ms)
		DisableScriptedObjects (5ms)
		BackupInstance (0ms)
		ReleaseScriptingObjects (0ms)
		CreateAndSetChildDomain (23ms)
	RebuildCommonClasses (31ms)
	RebuildNativeTypeToScriptingClass (8ms)
	initialDomainReloadingComplete (37ms)
	LoadAllAssembliesAndSetupDomain (707ms)
		LoadAssemblies (314ms)
		RebuildTransferFunctionScriptingTraits (0ms)
		AnalyzeDomain (485ms)
			TypeCache.Refresh (451ms)
				TypeCache.ScanAssembly (339ms)
			ScanForSourceGeneratedMonoScriptInfo (24ms)
			ResolveRequiredComponents (8ms)
	FinalizeReload (1029ms)
		ReleaseScriptCaches (0ms)
		RebuildScriptCaches (0ms)
		SetupLoadedEditorAssemblies (885ms)
			LogAssemblyErrors (0ms)
			InitializePlatformSupportModulesInManaged (6ms)
			SetLoadedEditorAssemblies (4ms)
			RefreshPlugins (0ms)
			BeforeProcessingInitializeOnLoad (78ms)
			ProcessInitializeOnLoadAttributes (722ms)
			ProcessInitializeOnLoadMethodAttributes (70ms)
			AfterProcessingInitializeOnLoad (3ms)
			EditorAssembliesLoaded (0ms)
		ExecutionOrderSort2 (0ms)
		AwakeInstancesAfterBackupRestoration (7ms)
Launched and connected shader compiler UnityShaderCompiler.exe after 0.49 seconds
Refreshing native plugins compatible for Editor in 4.64 ms, found 4 plugins.
Preloading 0 native plugins for Editor in 0.00 ms.
Unloading 5724 Unused Serialized files (Serialized files now loaded: 0)
Unloading 48 unused Assets / (0.9 MB). Loaded Objects now: 6178.
Memory consumption went from 220.3 MB to 219.4 MB.
Total: 4.507700 ms (FindLiveObjects: 0.410200 ms CreateObjectMapping: 0.325900 ms MarkObjects: 3.317000 ms  DeleteObjects: 0.454000 ms)

AssetImportParameters requested are different than current active one (requested -> active):
  custom:container-demuxer-ogg: 62fdf1f143b41e24485cea50d1cbac27 -> 
  custom:scripting/monoscript/fileName/Menu.cs: f8ad144ecc097d023673ac832072e82c -> 6a6b6f10406332b78ded19ddc96541c7
  custom:video-decoder-ogg-theora: a1e56fd34408186e4bbccfd4996cb3dc -> 
  custom:framework-win-MediaFoundation: 216162199b28c13a410421893ffa2e32 -> 
  custom:CustomObjectIndexerAttribute: 72b91833f83ae208fae7752999fa3104 -> 
  custom:container-demuxer-webm: 4f35f7cbe854078d1ac9338744f61a02 -> 
  custom:scripting/monoscript/fileName/Health.cs: e0cc46be09b95eca6156bb4ae431b815 -> 0e01c5d611b7e6f68d551fd8377c081b
  custom:container-muxer-webm: aa71ff27fc2769a1b78a27578f13a17b -> 
  custom:video-decoder-webm-vp8: 9c59270c3fd7afecdb556c50c9e8de78 -> 
  custom:SearchIndexIgnoredProperties: e643bd26f0fe6173181afceb89e7c659 -> 
  custom:AudioImporter_EditorPlatform: d09bf68614088b80899f8185d706f6e7 -> 
  custom:scripting/monoscript/fileName/Plot.cs: 6bf935e657f81a7845b7f790ed745b48 -> ff780b05f174390d863d3ed42af71d3b
  custom:video-encoder-webm-vp8: eb34c28f22e8b96e1ab97ce403110664 -> 
  custom:audio-decoder-ogg-vorbis: bf7c407c2cedff20999df2af8eb42d56 -> 
  custom:scripting/monoscript/fileName/BuildManager.cs: fbce394598dc23390070552d063e2a6d -> aa4749ab7220c6aa42864632abb386d4
  custom:scripting/monoscript/fileName/Bullet.cs: 48ff13ede6c310cc0acf4a30e818a1de -> a4f5918e799041ba1f6608f13912eb8b
  custom:audio-encoder-webm-vorbis: bf7c407c2cedff20999df2af8eb42d56 -> 
  custom:scripting/monoscript/fileName/BuilderManager.cs: eb680d59157f10f24f481d5a421fdede -> 
========================================================================
Received Import Request.
  Time since last request: 849926.751201 seconds.
  path: Assets/Arts/Prefabs/Turtle.prefab
  artifactKey: Guid(d58f03573031deb478247e150cc3852f) Importer(815301076,1909f56bfc062723c751e8b465ee728b)
Start importing Assets/Arts/Prefabs/Turtle.prefab using Guid(d58f03573031deb478247e150cc3852f) Importer(815301076,1909f56bfc062723c751e8b465ee728b) [PhysX] Initialized MultithreadedTaskDispatcher with 12 workers.
[PhysX] Initialized MultithreadedTaskDispatcher with 12 workers.
 -> (artifact id: '1e6cc7b01a01382da5da87a43656dccf') in 0.466500 seconds
Number of updated asset objects reloaded before import = 0
Number of asset objects unloaded after import = 47
========================================================================
Received Import Request.
  Time since last request: 0.000037 seconds.
  path: Assets/Arts/Prefabs/Bullet 1.prefab
  artifactKey: Guid(56a2f8e9cb9cf4049952fea11ec18583) Importer(815301076,1909f56bfc062723c751e8b465ee728b)
Start importing Assets/Arts/Prefabs/Bullet 1.prefab using Guid(56a2f8e9cb9cf4049952fea11ec18583) Importer(815301076,1909f56bfc062723c751e8b465ee728b) [PhysX] Initialized MultithreadedTaskDispatcher with 12 workers.
[PhysX] Initialized MultithreadedTaskDispatcher with 12 workers.
 -> (artifact id: 'bcff4a1ed42711615f048e5c1d38e237') in 0.013030 seconds
Number of updated asset objects reloaded before import = 0
Number of asset objects unloaded after import = 11
========================================================================
Received Import Request.
  Time since last request: 0.000021 seconds.
  path: Assets/Arts/Prefabs/Bullet.prefab
  artifactKey: Guid(ca9713a6559c23f41b416b42ec07ec95) Importer(815301076,1909f56bfc062723c751e8b465ee728b)
Start importing Assets/Arts/Prefabs/Bullet.prefab using Guid(ca9713a6559c23f41b416b42ec07ec95) Importer(815301076,1909f56bfc062723c751e8b465ee728b) [PhysX] Initialized MultithreadedTaskDispatcher with 12 workers.
[PhysX] Initialized MultithreadedTaskDispatcher with 12 workers.
 -> (artifact id: '33ee271fd05c34bc1fa98da73fad8401') in 0.016647 seconds
Number of updated asset objects reloaded before import = 0
Number of asset objects unloaded after import = 19
========================================================================
Received Import Request.
  Time since last request: 0.000025 seconds.
  path: Assets/Arts/Prefabs/Plot.prefab
  artifactKey: Guid(b59e8c4d23b4b0b4995166a11f35c1c5) Importer(815301076,1909f56bfc062723c751e8b465ee728b)
Start importing Assets/Arts/Prefabs/Plot.prefab using Guid(b59e8c4d23b4b0b4995166a11f35c1c5) Importer(815301076,1909f56bfc062723c751e8b465ee728b) [PhysX] Initialized MultithreadedTaskDispatcher with 12 workers.
[PhysX] Initialized MultithreadedTaskDispatcher with 12 workers.
 -> (artifact id: 'd7a8aee640e3afc038822b6a917ee526') in 0.032991 seconds
Number of updated asset objects reloaded before import = 0
Number of asset objects unloaded after import = 10
========================================================================
Received Prepare
Caller must complete domain reload
Begin MonoManager ReloadAssembly
- Loaded All Assemblies, in  0.980 seconds
Native extension for WindowsStandalone target not found
Native extension for WebGL target not found
[Package Manager] Server::EnsureServerProcessIsRunning -- launch failed, reason: Unity was launched with the -noUpm command-line argument
[Package Manager] UpmClient::Send -- Unable to send message (not connected to UPM process).
[Package Manager] Cannot connect to Unity Package Manager local server
Mono: successfully reloaded assembly
- Finished resetting the current domain, in  0.677 seconds
Domain Reload Profiling: 1658ms
	BeginReloadAssembly (728ms)
		ExecutionOrderSort (0ms)
		DisableScriptedObjects (580ms)
		BackupInstance (0ms)
		ReleaseScriptingObjects (0ms)
		CreateAndSetChildDomain (41ms)
	RebuildCommonClasses (24ms)
	RebuildNativeTypeToScriptingClass (8ms)
	initialDomainReloadingComplete (22ms)
	LoadAllAssembliesAndSetupDomain (199ms)
		LoadAssemblies (262ms)
		RebuildTransferFunctionScriptingTraits (0ms)
		AnalyzeDomain (16ms)
			TypeCache.Refresh (5ms)
				TypeCache.ScanAssembly (0ms)
			ScanForSourceGeneratedMonoScriptInfo (0ms)
			ResolveRequiredComponents (9ms)
	FinalizeReload (677ms)
		ReleaseScriptCaches (0ms)
		RebuildScriptCaches (0ms)
		SetupLoadedEditorAssemblies (475ms)
			LogAssemblyErrors (0ms)
			InitializePlatformSupportModulesInManaged (7ms)
			SetLoadedEditorAssemblies (4ms)
			RefreshPlugins (0ms)
			BeforeProcessingInitializeOnLoad (73ms)
			ProcessInitializeOnLoadAttributes (321ms)
			ProcessInitializeOnLoadMethodAttributes (67ms)
			AfterProcessingInitializeOnLoad (3ms)
			EditorAssembliesLoaded (0ms)
		ExecutionOrderSort2 (0ms)
		AwakeInstancesAfterBackupRestoration (15ms)
Refreshing native plugins compatible for Editor in 4.88 ms, found 4 plugins.
Preloading 0 native plugins for Editor in 0.00 ms.
Unloading 5573 Unused Serialized files (Serialized files now loaded: 0)
Unloading 35 unused Assets / (0.9 MB). Loaded Objects now: 6231.
Memory consumption went from 199.7 MB to 198.8 MB.
Total: 3.718000 ms (FindLiveObjects: 0.446900 ms CreateObjectMapping: 0.165100 ms MarkObjects: 2.729000 ms  DeleteObjects: 0.375900 ms)

Prepare: number of updated asset objects reloaded= 0
AssetImportParameters requested are different than current active one (requested -> active):
  custom:container-demuxer-ogg: 62fdf1f143b41e24485cea50d1cbac27 -> 
  custom:scripting/monoscript/fileName/Menu.cs: f8ad144ecc097d023673ac832072e82c -> 6a6b6f10406332b78ded19ddc96541c7
  custom:video-decoder-ogg-theora: a1e56fd34408186e4bbccfd4996cb3dc -> 
  custom:framework-win-MediaFoundation: 216162199b28c13a410421893ffa2e32 -> 
  custom:CustomObjectIndexerAttribute: 72b91833f83ae208fae7752999fa3104 -> 
  custom:container-demuxer-webm: 4f35f7cbe854078d1ac9338744f61a02 -> 
  custom:scripting/monoscript/fileName/Health.cs: e0cc46be09b95eca6156bb4ae431b815 -> 0e01c5d611b7e6f68d551fd8377c081b
  custom:container-muxer-webm: aa71ff27fc2769a1b78a27578f13a17b -> 
  custom:video-decoder-webm-vp8: 9c59270c3fd7afecdb556c50c9e8de78 -> 
  custom:SearchIndexIgnoredProperties: e643bd26f0fe6173181afceb89e7c659 -> 
  custom:AudioImporter_EditorPlatform: d09bf68614088b80899f8185d706f6e7 -> 
  custom:scripting/monoscript/fileName/Plot.cs: 6bf935e657f81a7845b7f790ed745b48 -> ff780b05f174390d863d3ed42af71d3b
  custom:video-encoder-webm-vp8: eb34c28f22e8b96e1ab97ce403110664 -> 
  custom:audio-decoder-ogg-vorbis: bf7c407c2cedff20999df2af8eb42d56 -> 
  custom:scripting/monoscript/fileName/BuildManager.cs: fbce394598dc23390070552d063e2a6d -> aa4749ab7220c6aa42864632abb386d4
  custom:scripting/monoscript/fileName/Bullet.cs: 48ff13ede6c310cc0acf4a30e818a1de -> a4f5918e799041ba1f6608f13912eb8b
  custom:audio-encoder-webm-vorbis: bf7c407c2cedff20999df2af8eb42d56 -> 
  custom:scripting/monoscript/fileName/BuilderManager.cs: eb680d59157f10f24f481d5a421fdede -> 
========================================================================
Received Import Request.
  Time since last request: 178.437037 seconds.
  path: Assets/Arts/Prefabs/test turtle.prefab
  artifactKey: Guid(d3e5812c64fb3ec40bafa6bc8092b98e) Importer(815301076,1909f56bfc062723c751e8b465ee728b)
Start importing Assets/Arts/Prefabs/test turtle.prefab using Guid(d3e5812c64fb3ec40bafa6bc8092b98e) Importer(815301076,1909f56bfc062723c751e8b465ee728b) [PhysX] Initialized MultithreadedTaskDispatcher with 12 workers.
 -> (artifact id: '7aadad9e104f8a140dd851b8e706b264') in 0.005326 seconds
Number of updated asset objects reloaded before import = 0
Number of asset objects unloaded after import = 0
========================================================================
Received Prepare
Caller must complete domain reload
Begin MonoManager ReloadAssembly
- Loaded All Assemblies, in  0.415 seconds
Native extension for WindowsStandalone target not found
Native extension for WebGL target not found
[Package Manager] Server::EnsureServerProcessIsRunning -- launch failed, reason: Unity was launched with the -noUpm command-line argument
[Package Manager] UpmClient::Send -- Unable to send message (not connected to UPM process).
[Package Manager] Cannot connect to Unity Package Manager local server
Mono: successfully reloaded assembly
- Finished resetting the current domain, in  1.286 seconds
Domain Reload Profiling: 1700ms
	BeginReloadAssembly (149ms)
		ExecutionOrderSort (0ms)
		DisableScriptedObjects (9ms)
		BackupInstance (0ms)
		ReleaseScriptingObjects (0ms)
		CreateAndSetChildDomain (34ms)
	RebuildCommonClasses (25ms)
	RebuildNativeTypeToScriptingClass (8ms)
	initialDomainReloadingComplete (26ms)
	LoadAllAssembliesAndSetupDomain (205ms)
		LoadAssemblies (269ms)
		RebuildTransferFunctionScriptingTraits (0ms)
		AnalyzeDomain (16ms)
			TypeCache.Refresh (5ms)
				TypeCache.ScanAssembly (0ms)
			ScanForSourceGeneratedMonoScriptInfo (0ms)
			ResolveRequiredComponents (10ms)
	FinalizeReload (1287ms)
		ReleaseScriptCaches (0ms)
		RebuildScriptCaches (0ms)
		SetupLoadedEditorAssemblies (485ms)
			LogAssemblyErrors (0ms)
			InitializePlatformSupportModulesInManaged (6ms)
			SetLoadedEditorAssemblies (3ms)
			RefreshPlugins (0ms)
			BeforeProcessingInitializeOnLoad (79ms)
			ProcessInitializeOnLoadAttributes (329ms)
			ProcessInitializeOnLoadMethodAttributes (63ms)
			AfterProcessingInitializeOnLoad (4ms)
			EditorAssembliesLoaded (0ms)
		ExecutionOrderSort2 (0ms)
		AwakeInstancesAfterBackupRestoration (15ms)
Refreshing native plugins compatible for Editor in 4.94 ms, found 4 plugins.
Preloading 0 native plugins for Editor in 0.00 ms.
Unloading 5573 Unused Serialized files (Serialized files now loaded: 0)
Unloading 35 unused Assets / (0.9 MB). Loaded Objects now: 6236.
Memory consumption went from 199.6 MB to 198.8 MB.
Total: 3.629700 ms (FindLiveObjects: 0.421100 ms CreateObjectMapping: 0.132500 ms MarkObjects: 2.692900 ms  DeleteObjects: 0.382500 ms)

Prepare: number of updated asset objects reloaded= 0
AssetImportParameters requested are different than current active one (requested -> active):
  custom:container-demuxer-ogg: 62fdf1f143b41e24485cea50d1cbac27 -> 
  custom:scripting/monoscript/fileName/Menu.cs: f8ad144ecc097d023673ac832072e82c -> 6a6b6f10406332b78ded19ddc96541c7
  custom:video-decoder-ogg-theora: a1e56fd34408186e4bbccfd4996cb3dc -> 
  custom:framework-win-MediaFoundation: 216162199b28c13a410421893ffa2e32 -> 
  custom:CustomObjectIndexerAttribute: 72b91833f83ae208fae7752999fa3104 -> 
  custom:container-demuxer-webm: 4f35f7cbe854078d1ac9338744f61a02 -> 
  custom:scripting/monoscript/fileName/Health.cs: e0cc46be09b95eca6156bb4ae431b815 -> 0e01c5d611b7e6f68d551fd8377c081b
  custom:container-muxer-webm: aa71ff27fc2769a1b78a27578f13a17b -> 
  custom:video-decoder-webm-vp8: 9c59270c3fd7afecdb556c50c9e8de78 -> 
  custom:SearchIndexIgnoredProperties: e643bd26f0fe6173181afceb89e7c659 -> 
  custom:AudioImporter_EditorPlatform: d09bf68614088b80899f8185d706f6e7 -> 
  custom:scripting/monoscript/fileName/Plot.cs: 6bf935e657f81a7845b7f790ed745b48 -> ff780b05f174390d863d3ed42af71d3b
  custom:video-encoder-webm-vp8: eb34c28f22e8b96e1ab97ce403110664 -> 
  custom:audio-decoder-ogg-vorbis: bf7c407c2cedff20999df2af8eb42d56 -> 
  custom:scripting/monoscript/fileName/BuildManager.cs: fbce394598dc23390070552d063e2a6d -> aa4749ab7220c6aa42864632abb386d4
  custom:scripting/monoscript/fileName/Bullet.cs: 48ff13ede6c310cc0acf4a30e818a1de -> a4f5918e799041ba1f6608f13912eb8b
  custom:audio-encoder-webm-vorbis: bf7c407c2cedff20999df2af8eb42d56 -> 
  custom:scripting/monoscript/fileName/BuilderManager.cs: eb680d59157f10f24f481d5a421fdede -> 
========================================================================
Received Prepare
Caller must complete domain reload
Begin MonoManager ReloadAssembly
- Loaded All Assemblies, in  1.442 seconds
Native extension for WindowsStandalone target not found
Native extension for WebGL target not found
[Package Manager] Server::EnsureServerProcessIsRunning -- launch failed, reason: Unity was launched with the -noUpm command-line argument
[Package Manager] UpmClient::Send -- Unable to send message (not connected to UPM process).
[Package Manager] Cannot connect to Unity Package Manager local server
Mono: successfully reloaded assembly
- Finished resetting the current domain, in 42.299 seconds
Domain Reload Profiling: 43741ms
	BeginReloadAssembly (316ms)
		ExecutionOrderSort (0ms)
		DisableScriptedObjects (32ms)
		BackupInstance (0ms)
		ReleaseScriptingObjects (0ms)
		CreateAndSetChildDomain (121ms)
	RebuildCommonClasses (39ms)
	RebuildNativeTypeToScriptingClass (9ms)
	initialDomainReloadingComplete (29ms)
	LoadAllAssembliesAndSetupDomain (1048ms)
		LoadAssemblies (1140ms)
		RebuildTransferFunctionScriptingTraits (0ms)
		AnalyzeDomain (25ms)
			TypeCache.Refresh (8ms)
				TypeCache.ScanAssembly (0ms)
			ScanForSourceGeneratedMonoScriptInfo (0ms)
			ResolveRequiredComponents (16ms)
	FinalizeReload (42300ms)
		ReleaseScriptCaches (0ms)
		RebuildScriptCaches (0ms)
		SetupLoadedEditorAssemblies (520ms)
			LogAssemblyErrors (0ms)
			InitializePlatformSupportModulesInManaged (8ms)
			SetLoadedEditorAssemblies (4ms)
			RefreshPlugins (0ms)
			BeforeProcessingInitializeOnLoad (86ms)
			ProcessInitializeOnLoadAttributes (351ms)
			ProcessInitializeOnLoadMethodAttributes (66ms)
			AfterProcessingInitializeOnLoad (4ms)
			EditorAssembliesLoaded (0ms)
		ExecutionOrderSort2 (0ms)
		AwakeInstancesAfterBackupRestoration (19ms)
Refreshing native plugins compatible for Editor in 4.96 ms, found 4 plugins.
Preloading 0 native plugins for Editor in 0.00 ms.
Unloading 5573 Unused Serialized files (Serialized files now loaded: 0)
Unloading 35 unused Assets / (0.9 MB). Loaded Objects now: 6241.
Memory consumption went from 199.6 MB to 198.8 MB.
Total: 8.197800 ms (FindLiveObjects: 0.552700 ms CreateObjectMapping: 0.332900 ms MarkObjects: 6.782300 ms  DeleteObjects: 0.528800 ms)

Prepare: number of updated asset objects reloaded= 0
AssetImportParameters requested are different than current active one (requested -> active):
  custom:container-demuxer-ogg: 62fdf1f143b41e24485cea50d1cbac27 -> 
  custom:scripting/monoscript/fileName/Menu.cs: f8ad144ecc097d023673ac832072e82c -> 6a6b6f10406332b78ded19ddc96541c7
  custom:video-decoder-ogg-theora: a1e56fd34408186e4bbccfd4996cb3dc -> 
  custom:framework-win-MediaFoundation: 216162199b28c13a410421893ffa2e32 -> 
  custom:CustomObjectIndexerAttribute: 72b91833f83ae208fae7752999fa3104 -> 
  custom:container-demuxer-webm: 4f35f7cbe854078d1ac9338744f61a02 -> 
  custom:scripting/monoscript/fileName/Health.cs: e0cc46be09b95eca6156bb4ae431b815 -> 0e01c5d611b7e6f68d551fd8377c081b
  custom:container-muxer-webm: aa71ff27fc2769a1b78a27578f13a17b -> 
  custom:video-decoder-webm-vp8: 9c59270c3fd7afecdb556c50c9e8de78 -> 
  custom:SearchIndexIgnoredProperties: e643bd26f0fe6173181afceb89e7c659 -> 
  custom:AudioImporter_EditorPlatform: d09bf68614088b80899f8185d706f6e7 -> 
  custom:scripting/monoscript/fileName/Plot.cs: 6bf935e657f81a7845b7f790ed745b48 -> ff780b05f174390d863d3ed42af71d3b
  custom:video-encoder-webm-vp8: eb34c28f22e8b96e1ab97ce403110664 -> 
  custom:audio-decoder-ogg-vorbis: bf7c407c2cedff20999df2af8eb42d56 -> 
  custom:scripting/monoscript/fileName/BuildManager.cs: fbce394598dc23390070552d063e2a6d -> aa4749ab7220c6aa42864632abb386d4
  custom:scripting/monoscript/fileName/Bullet.cs: 48ff13ede6c310cc0acf4a30e818a1de -> a4f5918e799041ba1f6608f13912eb8b
  custom:audio-encoder-webm-vorbis: bf7c407c2cedff20999df2af8eb42d56 -> 
  custom:scripting/monoscript/fileName/BuilderManager.cs: eb680d59157f10f24f481d5a421fdede -> 
========================================================================
Received Prepare
Caller must complete domain reload
Begin MonoManager ReloadAssembly
- Loaded All Assemblies, in  0.573 seconds
Native extension for WindowsStandalone target not found
Native extension for WebGL target not found
[Package Manager] Server::EnsureServerProcessIsRunning -- launch failed, reason: Unity was launched with the -noUpm command-line argument
[Package Manager] UpmClient::Send -- Unable to send message (not connected to UPM process).
[Package Manager] Cannot connect to Unity Package Manager local server
Mono: successfully reloaded assembly
- Finished resetting the current domain, in  1.515 seconds
Domain Reload Profiling: 2087ms
	BeginReloadAssembly (194ms)
		ExecutionOrderSort (0ms)
		DisableScriptedObjects (12ms)
		BackupInstance (0ms)
		ReleaseScriptingObjects (0ms)
		CreateAndSetChildDomain (43ms)
	RebuildCommonClasses (37ms)
	RebuildNativeTypeToScriptingClass (10ms)
	initialDomainReloadingComplete (27ms)
	LoadAllAssembliesAndSetupDomain (303ms)
		LoadAssemblies (390ms)
		RebuildTransferFunctionScriptingTraits (0ms)
		AnalyzeDomain (19ms)
			TypeCache.Refresh (5ms)
				TypeCache.ScanAssembly (0ms)
			ScanForSourceGeneratedMonoScriptInfo (0ms)
			ResolveRequiredComponents (13ms)
	FinalizeReload (1515ms)
		ReleaseScriptCaches (0ms)
		RebuildScriptCaches (0ms)
		SetupLoadedEditorAssemblies (576ms)
			LogAssemblyErrors (0ms)
			InitializePlatformSupportModulesInManaged (8ms)
			SetLoadedEditorAssemblies (5ms)
			RefreshPlugins (0ms)
			BeforeProcessingInitializeOnLoad (100ms)
			ProcessInitializeOnLoadAttributes (389ms)
			ProcessInitializeOnLoadMethodAttributes (69ms)
			AfterProcessingInitializeOnLoad (4ms)
			EditorAssembliesLoaded (0ms)
		ExecutionOrderSort2 (0ms)
		AwakeInstancesAfterBackupRestoration (16ms)
Refreshing native plugins compatible for Editor in 4.93 ms, found 4 plugins.
Preloading 0 native plugins for Editor in 0.00 ms.
Unloading 5573 Unused Serialized files (Serialized files now loaded: 0)
Unloading 35 unused Assets / (0.9 MB). Loaded Objects now: 6246.
Memory consumption went from 199.7 MB to 198.8 MB.
Total: 4.050800 ms (FindLiveObjects: 0.526300 ms CreateObjectMapping: 0.375000 ms MarkObjects: 2.684300 ms  DeleteObjects: 0.464600 ms)

Prepare: number of updated asset objects reloaded= 0
AssetImportParameters requested are different than current active one (requested -> active):
  custom:container-demuxer-ogg: 62fdf1f143b41e24485cea50d1cbac27 -> 
  custom:scripting/monoscript/fileName/Menu.cs: f8ad144ecc097d023673ac832072e82c -> 6a6b6f10406332b78ded19ddc96541c7
  custom:video-decoder-ogg-theora: a1e56fd34408186e4bbccfd4996cb3dc -> 
  custom:framework-win-MediaFoundation: 216162199b28c13a410421893ffa2e32 -> 
  custom:CustomObjectIndexerAttribute: 72b91833f83ae208fae7752999fa3104 -> 
  custom:container-demuxer-webm: 4f35f7cbe854078d1ac9338744f61a02 -> 
  custom:scripting/monoscript/fileName/Health.cs: e0cc46be09b95eca6156bb4ae431b815 -> 0e01c5d611b7e6f68d551fd8377c081b
  custom:container-muxer-webm: aa71ff27fc2769a1b78a27578f13a17b -> 
  custom:video-decoder-webm-vp8: 9c59270c3fd7afecdb556c50c9e8de78 -> 
  custom:SearchIndexIgnoredProperties: e643bd26f0fe6173181afceb89e7c659 -> 
  custom:AudioImporter_EditorPlatform: d09bf68614088b80899f8185d706f6e7 -> 
  custom:scripting/monoscript/fileName/Plot.cs: 6bf935e657f81a7845b7f790ed745b48 -> ff780b05f174390d863d3ed42af71d3b
  custom:video-encoder-webm-vp8: eb34c28f22e8b96e1ab97ce403110664 -> 
  custom:audio-decoder-ogg-vorbis: bf7c407c2cedff20999df2af8eb42d56 -> 
  custom:scripting/monoscript/fileName/BuildManager.cs: fbce394598dc23390070552d063e2a6d -> aa4749ab7220c6aa42864632abb386d4
  custom:scripting/monoscript/fileName/Bullet.cs: 48ff13ede6c310cc0acf4a30e818a1de -> a4f5918e799041ba1f6608f13912eb8b
  custom:audio-encoder-webm-vorbis: bf7c407c2cedff20999df2af8eb42d56 -> 
  custom:scripting/monoscript/fileName/BuilderManager.cs: eb680d59157f10f24f481d5a421fdede -> 
========================================================================
Received Import Request.
  Time since last request: 3974.377738 seconds.
  path: Assets/Arts/Prefabs/StrawEnemy.prefab
  artifactKey: Guid(352e3a3ad87f1d342914091972b02b14) Importer(815301076,1909f56bfc062723c751e8b465ee728b)
Start importing Assets/Arts/Prefabs/StrawEnemy.prefab using Guid(352e3a3ad87f1d342914091972b02b14) Importer(815301076,1909f56bfc062723c751e8b465ee728b) [PhysX] Initialized MultithreadedTaskDispatcher with 12 workers.
 -> (artifact id: 'e74e7c47a7ae61b177454f58c4ba9cc9') in 0.008414 seconds
Number of updated asset objects reloaded before import = 0
Number of asset objects unloaded after import = 0
========================================================================
Received Import Request.
  Time since last request: 9.407198 seconds.
  path: Assets/Arts/Prefabs/StrawEnemy.prefab
  artifactKey: Guid(352e3a3ad87f1d342914091972b02b14) Importer(815301076,1909f56bfc062723c751e8b465ee728b)
Start importing Assets/Arts/Prefabs/StrawEnemy.prefab using Guid(352e3a3ad87f1d342914091972b02b14) Importer(815301076,1909f56bfc062723c751e8b465ee728b) [PhysX] Initialized MultithreadedTaskDispatcher with 12 workers.
 -> (artifact id: 'e74e7c47a7ae61b177454f58c4ba9cc9') in 0.000873 seconds
Number of updated asset objects reloaded before import = 0
Number of asset objects unloaded after import = 0
========================================================================
Received Import Request.
  Time since last request: 86.538733 seconds.
  path: Assets/Arts/Prefabs/Sniper Turtle.prefab
  artifactKey: Guid(c3c25dc1990fb6b40a3b518e0c23b732) Importer(815301076,1909f56bfc062723c751e8b465ee728b)
Start importing Assets/Arts/Prefabs/Sniper Turtle.prefab using Guid(c3c25dc1990fb6b40a3b518e0c23b732) Importer(815301076,1909f56bfc062723c751e8b465ee728b) [PhysX] Initialized MultithreadedTaskDispatcher with 12 workers.
 -> (artifact id: 'dba0b3ffb95da688dead6640ef4077c8') in 0.000568 seconds
Number of updated asset objects reloaded before import = 0
Number of asset objects unloaded after import = 0
========================================================================
Received Import Request.
  Time since last request: 0.000067 seconds.
  path: Assets/Arts/Prefabs/StrawEnemy.prefab
  artifactKey: Guid(352e3a3ad87f1d342914091972b02b14) Importer(815301076,1909f56bfc062723c751e8b465ee728b)
Start importing Assets/Arts/Prefabs/StrawEnemy.prefab using Guid(352e3a3ad87f1d342914091972b02b14) Importer(815301076,1909f56bfc062723c751e8b465ee728b) [PhysX] Initialized MultithreadedTaskDispatcher with 12 workers.
 -> (artifact id: 'e74e7c47a7ae61b177454f58c4ba9cc9') in 0.000476 seconds
Number of updated asset objects reloaded before import = 0
Number of asset objects unloaded after import = 0
========================================================================
Received Import Request.
  Time since last request: 0.000054 seconds.
  path: Assets/Arts/Prefabs/test turtle.prefab
  artifactKey: Guid(d3e5812c64fb3ec40bafa6bc8092b98e) Importer(815301076,1909f56bfc062723c751e8b465ee728b)
Start importing Assets/Arts/Prefabs/test turtle.prefab using Guid(d3e5812c64fb3ec40bafa6bc8092b98e) Importer(815301076,1909f56bfc062723c751e8b465ee728b) [PhysX] Initialized MultithreadedTaskDispatcher with 12 workers.
 -> (artifact id: '7aadad9e104f8a140dd851b8e706b264') in 0.000456 seconds
Number of updated asset objects reloaded before import = 0
Number of asset objects unloaded after import = 0
========================================================================
Received Import Request.
  Time since last request: 48.009533 seconds.
  path: Assets/Arts/Prefabs/StrawEnemy.prefab
  artifactKey: Guid(352e3a3ad87f1d342914091972b02b14) Importer(815301076,1909f56bfc062723c751e8b465ee728b)
Start importing Assets/Arts/Prefabs/StrawEnemy.prefab using Guid(352e3a3ad87f1d342914091972b02b14) Importer(815301076,1909f56bfc062723c751e8b465ee728b) [PhysX] Initialized MultithreadedTaskDispatcher with 12 workers.
 -> (artifact id: 'e74e7c47a7ae61b177454f58c4ba9cc9') in 0.000484 seconds
Number of updated asset objects reloaded before import = 0
Number of asset objects unloaded after import = 0
========================================================================
Received Import Request.
  Time since last request: 0.000015 seconds.
  path: Assets/Arts/Prefabs/test turtle.prefab
  artifactKey: Guid(d3e5812c64fb3ec40bafa6bc8092b98e) Importer(815301076,1909f56bfc062723c751e8b465ee728b)
Start importing Assets/Arts/Prefabs/test turtle.prefab using Guid(d3e5812c64fb3ec40bafa6bc8092b98e) Importer(815301076,1909f56bfc062723c751e8b465ee728b) [PhysX] Initialized MultithreadedTaskDispatcher with 12 workers.
 -> (artifact id: '7aadad9e104f8a140dd851b8e706b264') in 0.000347 seconds
Number of updated asset objects reloaded before import = 0
Number of asset objects unloaded after import = 0
========================================================================
Received Import Request.
  Time since last request: 4.892017 seconds.
  path: Assets/Arts/Prefabs/StrawEnemy.prefab
  artifactKey: Guid(352e3a3ad87f1d342914091972b02b14) Importer(815301076,1909f56bfc062723c751e8b465ee728b)
Start importing Assets/Arts/Prefabs/StrawEnemy.prefab using Guid(352e3a3ad87f1d342914091972b02b14) Importer(815301076,1909f56bfc062723c751e8b465ee728b) [PhysX] Initialized MultithreadedTaskDispatcher with 12 workers.
 -> (artifact id: 'e74e7c47a7ae61b177454f58c4ba9cc9') in 0.000475 seconds
Number of updated asset objects reloaded before import = 0
Number of asset objects unloaded after import = 0
========================================================================
Received Import Request.
  Time since last request: 0.000148 seconds.
  path: Assets/Arts/Prefabs/test turtle.prefab
  artifactKey: Guid(d3e5812c64fb3ec40bafa6bc8092b98e) Importer(815301076,1909f56bfc062723c751e8b465ee728b)
Start importing Assets/Arts/Prefabs/test turtle.prefab using Guid(d3e5812c64fb3ec40bafa6bc8092b98e) Importer(815301076,1909f56bfc062723c751e8b465ee728b) [PhysX] Initialized MultithreadedTaskDispatcher with 12 workers.
 -> (artifact id: '7aadad9e104f8a140dd851b8e706b264') in 0.000391 seconds
Number of updated asset objects reloaded before import = 0
Number of asset objects unloaded after import = 0
========================================================================
Received Import Request.
  Time since last request: 25.176860 seconds.
  path: Assets/Arts/Prefabs/StrawEnemy.prefab
  artifactKey: Guid(352e3a3ad87f1d342914091972b02b14) Importer(815301076,1909f56bfc062723c751e8b465ee728b)
Start importing Assets/Arts/Prefabs/StrawEnemy.prefab using Guid(352e3a3ad87f1d342914091972b02b14) Importer(815301076,1909f56bfc062723c751e8b465ee728b) [PhysX] Initialized MultithreadedTaskDispatcher with 12 workers.
 -> (artifact id: 'e74e7c47a7ae61b177454f58c4ba9cc9') in 0.000573 seconds
Number of updated asset objects reloaded before import = 0
Number of asset objects unloaded after import = 0
========================================================================
Received Import Request.
  Time since last request: 0.000019 seconds.
  path: Assets/Arts/Prefabs/test turtle.prefab
  artifactKey: Guid(d3e5812c64fb3ec40bafa6bc8092b98e) Importer(815301076,1909f56bfc062723c751e8b465ee728b)
Start importing Assets/Arts/Prefabs/test turtle.prefab using Guid(d3e5812c64fb3ec40bafa6bc8092b98e) Importer(815301076,1909f56bfc062723c751e8b465ee728b) [PhysX] Initialized MultithreadedTaskDispatcher with 12 workers.
 -> (artifact id: '7aadad9e104f8a140dd851b8e706b264') in 0.000382 seconds
Number of updated asset objects reloaded before import = 0
Number of asset objects unloaded after import = 0
========================================================================
Received Import Request.
  Time since last request: 125.966828 seconds.
  path: Assets/Arts/Prefabs/Sniper Turtle.prefab
  artifactKey: Guid(c3c25dc1990fb6b40a3b518e0c23b732) Importer(815301076,1909f56bfc062723c751e8b465ee728b)
Start importing Assets/Arts/Prefabs/Sniper Turtle.prefab using Guid(c3c25dc1990fb6b40a3b518e0c23b732) Importer(815301076,1909f56bfc062723c751e8b465ee728b) [PhysX] Initialized MultithreadedTaskDispatcher with 12 workers.
 -> (artifact id: '951fa6fb9fb8c627b4a670beb1015a9a') in 0.000630 seconds
Number of updated asset objects reloaded before import = 0
Number of asset objects unloaded after import = 0
========================================================================
Received Import Request.
  Time since last request: 0.000019 seconds.
  path: Assets/Arts/Prefabs/StrawEnemy.prefab
  artifactKey: Guid(352e3a3ad87f1d342914091972b02b14) Importer(815301076,1909f56bfc062723c751e8b465ee728b)
Start importing Assets/Arts/Prefabs/StrawEnemy.prefab using Guid(352e3a3ad87f1d342914091972b02b14) Importer(815301076,1909f56bfc062723c751e8b465ee728b) [PhysX] Initialized MultithreadedTaskDispatcher with 12 workers.
 -> (artifact id: 'e74e7c47a7ae61b177454f58c4ba9cc9') in 0.000474 seconds
Number of updated asset objects reloaded before import = 0
Number of asset objects unloaded after import = 0
========================================================================
Received Import Request.
  Time since last request: 12.551674 seconds.
  path: Assets/Arts/Prefabs/StrawEnemy.prefab
  artifactKey: Guid(352e3a3ad87f1d342914091972b02b14) Importer(815301076,1909f56bfc062723c751e8b465ee728b)
Start importing Assets/Arts/Prefabs/StrawEnemy.prefab using Guid(352e3a3ad87f1d342914091972b02b14) Importer(815301076,1909f56bfc062723c751e8b465ee728b) [PhysX] Initialized MultithreadedTaskDispatcher with 12 workers.
 -> (artifact id: 'e74e7c47a7ae61b177454f58c4ba9cc9') in 0.000424 seconds
Number of updated asset objects reloaded before import = 0
Number of asset objects unloaded after import = 0
========================================================================
Received Import Request.
  Time since last request: 2.846152 seconds.
  path: Assets/Arts/Prefabs/StrawEnemy.prefab
  artifactKey: Guid(352e3a3ad87f1d342914091972b02b14) Importer(815301076,1909f56bfc062723c751e8b465ee728b)
Start importing Assets/Arts/Prefabs/StrawEnemy.prefab using Guid(352e3a3ad87f1d342914091972b02b14) Importer(815301076,1909f56bfc062723c751e8b465ee728b) [PhysX] Initialized MultithreadedTaskDispatcher with 12 workers.
 -> (artifact id: 'e74e7c47a7ae61b177454f58c4ba9cc9') in 0.000512 seconds
Number of updated asset objects reloaded before import = 0
Number of asset objects unloaded after import = 0
========================================================================
Received Import Request.
  Time since last request: 0.000015 seconds.
  path: Assets/Arts/Prefabs/test turtle.prefab
  artifactKey: Guid(d3e5812c64fb3ec40bafa6bc8092b98e) Importer(815301076,1909f56bfc062723c751e8b465ee728b)
Start importing Assets/Arts/Prefabs/test turtle.prefab using Guid(d3e5812c64fb3ec40bafa6bc8092b98e) Importer(815301076,1909f56bfc062723c751e8b465ee728b) [PhysX] Initialized MultithreadedTaskDispatcher with 12 workers.
 -> (artifact id: '7aadad9e104f8a140dd851b8e706b264') in 0.000408 seconds
Number of updated asset objects reloaded before import = 0
Number of asset objects unloaded after import = 0
========================================================================
Received Import Request.
  Time since last request: 7.639585 seconds.
  path: Assets/Arts/Prefabs/StrawEnemy.prefab
  artifactKey: Guid(352e3a3ad87f1d342914091972b02b14) Importer(815301076,1909f56bfc062723c751e8b465ee728b)
Start importing Assets/Arts/Prefabs/StrawEnemy.prefab using Guid(352e3a3ad87f1d342914091972b02b14) Importer(815301076,1909f56bfc062723c751e8b465ee728b) [PhysX] Initialized MultithreadedTaskDispatcher with 12 workers.
 -> (artifact id: 'e74e7c47a7ae61b177454f58c4ba9cc9') in 0.000465 seconds
Number of updated asset objects reloaded before import = 0
Number of asset objects unloaded after import = 0
========================================================================
Received Import Request.
  Time since last request: 19.894817 seconds.
  path: Assets/Arts/Prefabs/StrawEnemy.prefab
  artifactKey: Guid(352e3a3ad87f1d342914091972b02b14) Importer(815301076,1909f56bfc062723c751e8b465ee728b)
Start importing Assets/Arts/Prefabs/StrawEnemy.prefab using Guid(352e3a3ad87f1d342914091972b02b14) Importer(815301076,1909f56bfc062723c751e8b465ee728b) [PhysX] Initialized MultithreadedTaskDispatcher with 12 workers.
 -> (artifact id: 'e74e7c47a7ae61b177454f58c4ba9cc9') in 0.000474 seconds
Number of updated asset objects reloaded before import = 0
Number of asset objects unloaded after import = 0
========================================================================
Received Import Request.
  Time since last request: 0.000015 seconds.
  path: Assets/Arts/Prefabs/test turtle.prefab
  artifactKey: Guid(d3e5812c64fb3ec40bafa6bc8092b98e) Importer(815301076,1909f56bfc062723c751e8b465ee728b)
Start importing Assets/Arts/Prefabs/test turtle.prefab using Guid(d3e5812c64fb3ec40bafa6bc8092b98e) Importer(815301076,1909f56bfc062723c751e8b465ee728b) [PhysX] Initialized MultithreadedTaskDispatcher with 12 workers.
 -> (artifact id: '7aadad9e104f8a140dd851b8e706b264') in 0.000412 seconds
Number of updated asset objects reloaded before import = 0
Number of asset objects unloaded after import = 0
========================================================================
Received Import Request.
  Time since last request: 0.088683 seconds.
  path: Assets/Arts/Prefabs/StrawEnemy.prefab
  artifactKey: Guid(352e3a3ad87f1d342914091972b02b14) Importer(815301076,1909f56bfc062723c751e8b465ee728b)
Start importing Assets/Arts/Prefabs/StrawEnemy.prefab using Guid(352e3a3ad87f1d342914091972b02b14) Importer(815301076,1909f56bfc062723c751e8b465ee728b) [PhysX] Initialized MultithreadedTaskDispatcher with 12 workers.
 -> (artifact id: 'e74e7c47a7ae61b177454f58c4ba9cc9') in 0.000445 seconds
Number of updated asset objects reloaded before import = 0
Number of asset objects unloaded after import = 0
========================================================================
Received Import Request.
  Time since last request: 2.563391 seconds.
  path: Assets/Arts/Prefabs/StrawEnemy.prefab
  artifactKey: Guid(352e3a3ad87f1d342914091972b02b14) Importer(815301076,1909f56bfc062723c751e8b465ee728b)
Start importing Assets/Arts/Prefabs/StrawEnemy.prefab using Guid(352e3a3ad87f1d342914091972b02b14) Importer(815301076,1909f56bfc062723c751e8b465ee728b) [PhysX] Initialized MultithreadedTaskDispatcher with 12 workers.
 -> (artifact id: 'e74e7c47a7ae61b177454f58c4ba9cc9') in 0.000491 seconds
Number of updated asset objects reloaded before import = 0
Number of asset objects unloaded after import = 0
========================================================================
Received Import Request.
  Time since last request: 0.000020 seconds.
  path: Assets/Arts/Prefabs/test turtle.prefab
  artifactKey: Guid(d3e5812c64fb3ec40bafa6bc8092b98e) Importer(815301076,1909f56bfc062723c751e8b465ee728b)
Start importing Assets/Arts/Prefabs/test turtle.prefab using Guid(d3e5812c64fb3ec40bafa6bc8092b98e) Importer(815301076,1909f56bfc062723c751e8b465ee728b) [PhysX] Initialized MultithreadedTaskDispatcher with 12 workers.
 -> (artifact id: '7aadad9e104f8a140dd851b8e706b264') in 0.000386 seconds
Number of updated asset objects reloaded before import = 0
Number of asset objects unloaded after import = 0
========================================================================
Received Import Request.
  Time since last request: 1.647486 seconds.
  path: Assets/Arts/Prefabs/StrawEnemy.prefab
  artifactKey: Guid(352e3a3ad87f1d342914091972b02b14) Importer(815301076,1909f56bfc062723c751e8b465ee728b)
Start importing Assets/Arts/Prefabs/StrawEnemy.prefab using Guid(352e3a3ad87f1d342914091972b02b14) Importer(815301076,1909f56bfc062723c751e8b465ee728b) [PhysX] Initialized MultithreadedTaskDispatcher with 12 workers.
 -> (artifact id: 'e74e7c47a7ae61b177454f58c4ba9cc9') in 0.000472 seconds
Number of updated asset objects reloaded before import = 0
Number of asset objects unloaded after import = 0
========================================================================
Received Import Request.
  Time since last request: 0.000014 seconds.
  path: Assets/Arts/Prefabs/test turtle.prefab
  artifactKey: Guid(d3e5812c64fb3ec40bafa6bc8092b98e) Importer(815301076,1909f56bfc062723c751e8b465ee728b)
Start importing Assets/Arts/Prefabs/test turtle.prefab using Guid(d3e5812c64fb3ec40bafa6bc8092b98e) Importer(815301076,1909f56bfc062723c751e8b465ee728b) [PhysX] Initialized MultithreadedTaskDispatcher with 12 workers.
 -> (artifact id: '7aadad9e104f8a140dd851b8e706b264') in 0.000410 seconds
Number of updated asset objects reloaded before import = 0
Number of asset objects unloaded after import = 0
========================================================================
Received Import Request.
  Time since last request: 10.244166 seconds.
  path: Assets/Arts/Prefabs/StrawEnemy.prefab
  artifactKey: Guid(352e3a3ad87f1d342914091972b02b14) Importer(815301076,1909f56bfc062723c751e8b465ee728b)
Start importing Assets/Arts/Prefabs/StrawEnemy.prefab using Guid(352e3a3ad87f1d342914091972b02b14) Importer(815301076,1909f56bfc062723c751e8b465ee728b) [PhysX] Initialized MultithreadedTaskDispatcher with 12 workers.
 -> (artifact id: 'e74e7c47a7ae61b177454f58c4ba9cc9') in 0.000524 seconds
Number of updated asset objects reloaded before import = 0
Number of asset objects unloaded after import = 0
========================================================================
Received Import Request.
  Time since last request: 0.000015 seconds.
  path: Assets/Arts/Prefabs/test turtle.prefab
  artifactKey: Guid(d3e5812c64fb3ec40bafa6bc8092b98e) Importer(815301076,1909f56bfc062723c751e8b465ee728b)
Start importing Assets/Arts/Prefabs/test turtle.prefab using Guid(d3e5812c64fb3ec40bafa6bc8092b98e) Importer(815301076,1909f56bfc062723c751e8b465ee728b) [PhysX] Initialized MultithreadedTaskDispatcher with 12 workers.
 -> (artifact id: '7aadad9e104f8a140dd851b8e706b264') in 0.000433 seconds
Number of updated asset objects reloaded before import = 0
Number of asset objects unloaded after import = 0
========================================================================
Received Import Request.
  Time since last request: 12.416509 seconds.
  path: Assets/Arts/Prefabs/Sniper Turtle.prefab
  artifactKey: Guid(c3c25dc1990fb6b40a3b518e0c23b732) Importer(815301076,1909f56bfc062723c751e8b465ee728b)
Start importing Assets/Arts/Prefabs/Sniper Turtle.prefab using Guid(c3c25dc1990fb6b40a3b518e0c23b732) Importer(815301076,1909f56bfc062723c751e8b465ee728b) [PhysX] Initialized MultithreadedTaskDispatcher with 12 workers.
 -> (artifact id: '5cac717098f0f55d642131c1ced954b7') in 0.000441 seconds
Number of updated asset objects reloaded before import = 0
Number of asset objects unloaded after import = 0
========================================================================
Received Import Request.
  Time since last request: 0.000035 seconds.
  path: Assets/Arts/Prefabs/test turtle.prefab
  artifactKey: Guid(d3e5812c64fb3ec40bafa6bc8092b98e) Importer(815301076,1909f56bfc062723c751e8b465ee728b)
Start importing Assets/Arts/Prefabs/test turtle.prefab using Guid(d3e5812c64fb3ec40bafa6bc8092b98e) Importer(815301076,1909f56bfc062723c751e8b465ee728b) [PhysX] Initialized MultithreadedTaskDispatcher with 12 workers.
 -> (artifact id: '7aadad9e104f8a140dd851b8e706b264') in 0.000494 seconds
Number of updated asset objects reloaded before import = 0
Number of asset objects unloaded after import = 0
========================================================================
Received Import Request.
  Time since last request: 7.566608 seconds.
  path: Assets/Arts/Prefabs/Sniper Turtle.prefab
  artifactKey: Guid(c3c25dc1990fb6b40a3b518e0c23b732) Importer(815301076,1909f56bfc062723c751e8b465ee728b)
Start importing Assets/Arts/Prefabs/Sniper Turtle.prefab using Guid(c3c25dc1990fb6b40a3b518e0c23b732) Importer(815301076,1909f56bfc062723c751e8b465ee728b) [PhysX] Initialized MultithreadedTaskDispatcher with 12 workers.
 -> (artifact id: '5cac717098f0f55d642131c1ced954b7') in 0.000431 seconds
Number of updated asset objects reloaded before import = 0
Number of asset objects unloaded after import = 0
========================================================================
Received Import Request.
  Time since last request: 0.000017 seconds.
  path: Assets/Arts/Prefabs/test turtle.prefab
  artifactKey: Guid(d3e5812c64fb3ec40bafa6bc8092b98e) Importer(815301076,1909f56bfc062723c751e8b465ee728b)
Start importing Assets/Arts/Prefabs/test turtle.prefab using Guid(d3e5812c64fb3ec40bafa6bc8092b98e) Importer(815301076,1909f56bfc062723c751e8b465ee728b) [PhysX] Initialized MultithreadedTaskDispatcher with 12 workers.
 -> (artifact id: '7aadad9e104f8a140dd851b8e706b264') in 0.000453 seconds
Number of updated asset objects reloaded before import = 0
Number of asset objects unloaded after import = 0
========================================================================
Received Import Request.
  Time since last request: 0.726883 seconds.
  path: Assets/Arts/Prefabs/Sniper Turtle.prefab
  artifactKey: Guid(c3c25dc1990fb6b40a3b518e0c23b732) Importer(815301076,1909f56bfc062723c751e8b465ee728b)
Start importing Assets/Arts/Prefabs/Sniper Turtle.prefab using Guid(c3c25dc1990fb6b40a3b518e0c23b732) Importer(815301076,1909f56bfc062723c751e8b465ee728b) [PhysX] Initialized MultithreadedTaskDispatcher with 12 workers.
 -> (artifact id: '5cac717098f0f55d642131c1ced954b7') in 0.000463 seconds
Number of updated asset objects reloaded before import = 0
Number of asset objects unloaded after import = 0
========================================================================
Received Import Request.
  Time since last request: 0.000014 seconds.
  path: Assets/Arts/Prefabs/test turtle.prefab
  artifactKey: Guid(d3e5812c64fb3ec40bafa6bc8092b98e) Importer(815301076,1909f56bfc062723c751e8b465ee728b)
Start importing Assets/Arts/Prefabs/test turtle.prefab using Guid(d3e5812c64fb3ec40bafa6bc8092b98e) Importer(815301076,1909f56bfc062723c751e8b465ee728b) [PhysX] Initialized MultithreadedTaskDispatcher with 12 workers.
 -> (artifact id: '7aadad9e104f8a140dd851b8e706b264') in 0.000374 seconds
Number of updated asset objects reloaded before import = 0
Number of asset objects unloaded after import = 0
========================================================================
Received Import Request.
  Time since last request: 0.593880 seconds.
  path: Assets/Arts/Prefabs/Sniper Turtle.prefab
  artifactKey: Guid(c3c25dc1990fb6b40a3b518e0c23b732) Importer(815301076,1909f56bfc062723c751e8b465ee728b)
Start importing Assets/Arts/Prefabs/Sniper Turtle.prefab using Guid(c3c25dc1990fb6b40a3b518e0c23b732) Importer(815301076,1909f56bfc062723c751e8b465ee728b) [PhysX] Initialized MultithreadedTaskDispatcher with 12 workers.
 -> (artifact id: '5cac717098f0f55d642131c1ced954b7') in 0.000538 seconds
Number of updated asset objects reloaded before import = 0
Number of asset objects unloaded after import = 0
========================================================================
Received Import Request.
  Time since last request: 0.000038 seconds.
  path: Assets/Arts/Prefabs/StrawEnemy.prefab
  artifactKey: Guid(352e3a3ad87f1d342914091972b02b14) Importer(815301076,1909f56bfc062723c751e8b465ee728b)
Start importing Assets/Arts/Prefabs/StrawEnemy.prefab using Guid(352e3a3ad87f1d342914091972b02b14) Importer(815301076,1909f56bfc062723c751e8b465ee728b) [PhysX] Initialized MultithreadedTaskDispatcher with 12 workers.
 -> (artifact id: 'e74e7c47a7ae61b177454f58c4ba9cc9') in 0.000444 seconds
Number of updated asset objects reloaded before import = 0
Number of asset objects unloaded after import = 0
========================================================================
Received Import Request.
  Time since last request: 87.295762 seconds.
  path: Assets/Arts/Prefabs/Sniper Turtle.prefab
  artifactKey: Guid(c3c25dc1990fb6b40a3b518e0c23b732) Importer(815301076,1909f56bfc062723c751e8b465ee728b)
Start importing Assets/Arts/Prefabs/Sniper Turtle.prefab using Guid(c3c25dc1990fb6b40a3b518e0c23b732) Importer(815301076,1909f56bfc062723c751e8b465ee728b) [PhysX] Initialized MultithreadedTaskDispatcher with 12 workers.
 -> (artifact id: '5cac717098f0f55d642131c1ced954b7') in 0.000702 seconds
Number of updated asset objects reloaded before import = 0
Number of asset objects unloaded after import = 0
========================================================================
Received Import Request.
  Time since last request: 0.000019 seconds.
  path: Assets/Arts/Prefabs/test turtle.prefab
  artifactKey: Guid(d3e5812c64fb3ec40bafa6bc8092b98e) Importer(815301076,1909f56bfc062723c751e8b465ee728b)
Start importing Assets/Arts/Prefabs/test turtle.prefab using Guid(d3e5812c64fb3ec40bafa6bc8092b98e) Importer(815301076,1909f56bfc062723c751e8b465ee728b) [PhysX] Initialized MultithreadedTaskDispatcher with 12 workers.
 -> (artifact id: '7aadad9e104f8a140dd851b8e706b264') in 0.000454 seconds
Number of updated asset objects reloaded before import = 0
Number of asset objects unloaded after import = 0
========================================================================
Received Prepare
Caller must complete domain reload
Begin MonoManager ReloadAssembly
- Loaded All Assemblies, in  0.506 seconds
Native extension for WindowsStandalone target not found
Native extension for WebGL target not found
[Package Manager] Server::EnsureServerProcessIsRunning -- launch failed, reason: Unity was launched with the -noUpm command-line argument
[Package Manager] UpmClient::Send -- Unable to send message (not connected to UPM process).
[Package Manager] Cannot connect to Unity Package Manager local server
Mono: successfully reloaded assembly
- Finished resetting the current domain, in  1.299 seconds
Domain Reload Profiling: 1803ms
	BeginReloadAssembly (163ms)
		ExecutionOrderSort (0ms)
		DisableScriptedObjects (10ms)
		BackupInstance (0ms)
		ReleaseScriptingObjects (0ms)
		CreateAndSetChildDomain (38ms)
	RebuildCommonClasses (26ms)
	RebuildNativeTypeToScriptingClass (9ms)
	initialDomainReloadingComplete (32ms)
	LoadAllAssembliesAndSetupDomain (275ms)
		LoadAssemblies (347ms)
		RebuildTransferFunctionScriptingTraits (0ms)
		AnalyzeDomain (17ms)
			TypeCache.Refresh (6ms)
				TypeCache.ScanAssembly (0ms)
			ScanForSourceGeneratedMonoScriptInfo (0ms)
			ResolveRequiredComponents (10ms)
	FinalizeReload (1299ms)
		ReleaseScriptCaches (0ms)
		RebuildScriptCaches (0ms)
		SetupLoadedEditorAssemblies (499ms)
			LogAssemblyErrors (0ms)
			InitializePlatformSupportModulesInManaged (7ms)
			SetLoadedEditorAssemblies (4ms)
			RefreshPlugins (0ms)
			BeforeProcessingInitializeOnLoad (76ms)
			ProcessInitializeOnLoadAttributes (343ms)
			ProcessInitializeOnLoadMethodAttributes (65ms)
			AfterProcessingInitializeOnLoad (4ms)
			EditorAssembliesLoaded (0ms)
		ExecutionOrderSort2 (0ms)
		AwakeInstancesAfterBackupRestoration (17ms)
Refreshing native plugins compatible for Editor in 5.24 ms, found 4 plugins.
Preloading 0 native plugins for Editor in 0.00 ms.
Unloading 5573 Unused Serialized files (Serialized files now loaded: 0)
Unloading 35 unused Assets / (0.9 MB). Loaded Objects now: 6251.
Memory consumption went from 199.8 MB to 198.9 MB.
Total: 4.513900 ms (FindLiveObjects: 0.416500 ms CreateObjectMapping: 0.134800 ms MarkObjects: 3.471800 ms  DeleteObjects: 0.489900 ms)

Prepare: number of updated asset objects reloaded= 0
AssetImportParameters requested are different than current active one (requested -> active):
  custom:container-demuxer-ogg: 62fdf1f143b41e24485cea50d1cbac27 -> 
  custom:scripting/monoscript/fileName/Menu.cs: f8ad144ecc097d023673ac832072e82c -> 6a6b6f10406332b78ded19ddc96541c7
  custom:video-decoder-ogg-theora: a1e56fd34408186e4bbccfd4996cb3dc -> 
  custom:framework-win-MediaFoundation: 216162199b28c13a410421893ffa2e32 -> 
  custom:CustomObjectIndexerAttribute: 72b91833f83ae208fae7752999fa3104 -> 
  custom:container-demuxer-webm: 4f35f7cbe854078d1ac9338744f61a02 -> 
  custom:scripting/monoscript/fileName/Health.cs: e0cc46be09b95eca6156bb4ae431b815 -> 0e01c5d611b7e6f68d551fd8377c081b
  custom:container-muxer-webm: aa71ff27fc2769a1b78a27578f13a17b -> 
  custom:video-decoder-webm-vp8: 9c59270c3fd7afecdb556c50c9e8de78 -> 
  custom:SearchIndexIgnoredProperties: e643bd26f0fe6173181afceb89e7c659 -> 
  custom:AudioImporter_EditorPlatform: d09bf68614088b80899f8185d706f6e7 -> 
  custom:scripting/monoscript/fileName/Plot.cs: 6bf935e657f81a7845b7f790ed745b48 -> ff780b05f174390d863d3ed42af71d3b
  custom:video-encoder-webm-vp8: eb34c28f22e8b96e1ab97ce403110664 -> 
  custom:audio-decoder-ogg-vorbis: bf7c407c2cedff20999df2af8eb42d56 -> 
  custom:scripting/monoscript/fileName/BuildManager.cs: fbce394598dc23390070552d063e2a6d -> aa4749ab7220c6aa42864632abb386d4
  custom:scripting/monoscript/fileName/Bullet.cs: 48ff13ede6c310cc0acf4a30e818a1de -> a4f5918e799041ba1f6608f13912eb8b
  custom:audio-encoder-webm-vorbis: bf7c407c2cedff20999df2af8eb42d56 -> 
  custom:scripting/monoscript/fileName/BuilderManager.cs: eb680d59157f10f24f481d5a421fdede -> 
========================================================================
Received Import Request.
  Time since last request: 16.267347 seconds.
  path: Assets/Arts/Prefabs/StrawEnemy.prefab
  artifactKey: Guid(352e3a3ad87f1d342914091972b02b14) Importer(815301076,1909f56bfc062723c751e8b465ee728b)
Start importing Assets/Arts/Prefabs/StrawEnemy.prefab using Guid(352e3a3ad87f1d342914091972b02b14) Importer(815301076,1909f56bfc062723c751e8b465ee728b) [PhysX] Initialized MultithreadedTaskDispatcher with 12 workers.
 -> (artifact id: 'e74e7c47a7ae61b177454f58c4ba9cc9') in 0.005324 seconds
Number of updated asset objects reloaded before import = 0
Number of asset objects unloaded after import = 0
========================================================================
Received Import Request.
  Time since last request: 0.000038 seconds.
  path: Assets/Arts/Prefabs/Bullet.prefab
  artifactKey: Guid(ca9713a6559c23f41b416b42ec07ec95) Importer(815301076,1909f56bfc062723c751e8b465ee728b)
Start importing Assets/Arts/Prefabs/Bullet.prefab using Guid(ca9713a6559c23f41b416b42ec07ec95) Importer(815301076,1909f56bfc062723c751e8b465ee728b) [PhysX] Initialized MultithreadedTaskDispatcher with 12 workers.
 -> (artifact id: 'bf427455b1c637b2ec7ae188126dc9ba') in 0.000541 seconds
Number of updated asset objects reloaded before import = 0
Number of asset objects unloaded after import = 0
========================================================================
Received Import Request.
  Time since last request: 42.956693 seconds.
  path: Assets/Arts/Prefabs/Sniper Turtle.prefab
  artifactKey: Guid(c3c25dc1990fb6b40a3b518e0c23b732) Importer(815301076,1909f56bfc062723c751e8b465ee728b)
Start importing Assets/Arts/Prefabs/Sniper Turtle.prefab using Guid(c3c25dc1990fb6b40a3b518e0c23b732) Importer(815301076,1909f56bfc062723c751e8b465ee728b) [PhysX] Initialized MultithreadedTaskDispatcher with 12 workers.
 -> (artifact id: 'd461067e4f0bdbada2ba5b526d82bc12') in 0.000554 seconds
Number of updated asset objects reloaded before import = 0
Number of asset objects unloaded after import = 0
========================================================================
Received Import Request.
  Time since last request: 0.000021 seconds.
  path: Assets/Arts/Prefabs/test turtle.prefab
  artifactKey: Guid(d3e5812c64fb3ec40bafa6bc8092b98e) Importer(815301076,1909f56bfc062723c751e8b465ee728b)
Start importing Assets/Arts/Prefabs/test turtle.prefab using Guid(d3e5812c64fb3ec40bafa6bc8092b98e) Importer(815301076,1909f56bfc062723c751e8b465ee728b) [PhysX] Initialized MultithreadedTaskDispatcher with 12 workers.
 -> (artifact id: '7aadad9e104f8a140dd851b8e706b264') in 0.000439 seconds
Number of updated asset objects reloaded before import = 0
Number of asset objects unloaded after import = 0
========================================================================
Received Import Request.
  Time since last request: 1.739787 seconds.
  path: Assets/Arts/Prefabs/Sniper Turtle.prefab
  artifactKey: Guid(c3c25dc1990fb6b40a3b518e0c23b732) Importer(815301076,1909f56bfc062723c751e8b465ee728b)
Start importing Assets/Arts/Prefabs/Sniper Turtle.prefab using Guid(c3c25dc1990fb6b40a3b518e0c23b732) Importer(815301076,1909f56bfc062723c751e8b465ee728b) [PhysX] Initialized MultithreadedTaskDispatcher with 12 workers.
 -> (artifact id: '235936f8e8f4af59a63cfd71da8a455f') in 0.000494 seconds
Number of updated asset objects reloaded before import = 0
Number of asset objects unloaded after import = 0
========================================================================
Received Import Request.
  Time since last request: 0.000045 seconds.
  path: Assets/Arts/Prefabs/StrawEnemy.prefab
  artifactKey: Guid(352e3a3ad87f1d342914091972b02b14) Importer(815301076,1909f56bfc062723c751e8b465ee728b)
Start importing Assets/Arts/Prefabs/StrawEnemy.prefab using Guid(352e3a3ad87f1d342914091972b02b14) Importer(815301076,1909f56bfc062723c751e8b465ee728b) [PhysX] Initialized MultithreadedTaskDispatcher with 12 workers.
 -> (artifact id: 'e74e7c47a7ae61b177454f58c4ba9cc9') in 0.000525 seconds
Number of updated asset objects reloaded before import = 0
Number of asset objects unloaded after import = 0
========================================================================
Received Prepare
Caller must complete domain reload
Begin MonoManager ReloadAssembly
- Loaded All Assemblies, in  0.418 seconds
Native extension for WindowsStandalone target not found
Native extension for WebGL target not found
[Package Manager] Server::EnsureServerProcessIsRunning -- launch failed, reason: Unity was launched with the -noUpm command-line argument
[Package Manager] UpmClient::Send -- Unable to send message (not connected to UPM process).
[Package Manager] Cannot connect to Unity Package Manager local server
Mono: successfully reloaded assembly
- Finished resetting the current domain, in  1.250 seconds
Domain Reload Profiling: 1667ms
	BeginReloadAssembly (149ms)
		ExecutionOrderSort (0ms)
		DisableScriptedObjects (9ms)
		BackupInstance (0ms)
		ReleaseScriptingObjects (0ms)
		CreateAndSetChildDomain (32ms)
	RebuildCommonClasses (25ms)
	RebuildNativeTypeToScriptingClass (8ms)
	initialDomainReloadingComplete (23ms)
	LoadAllAssembliesAndSetupDomain (212ms)
		LoadAssemblies (280ms)
		RebuildTransferFunctionScriptingTraits (0ms)
		AnalyzeDomain (15ms)
			TypeCache.Refresh (5ms)
				TypeCache.ScanAssembly (0ms)
			ScanForSourceGeneratedMonoScriptInfo (0ms)
			ResolveRequiredComponents (9ms)
	FinalizeReload (1250ms)
		ReleaseScriptCaches (0ms)
		RebuildScriptCaches (0ms)
		SetupLoadedEditorAssemblies (486ms)
			LogAssemblyErrors (0ms)
			InitializePlatformSupportModulesInManaged (6ms)
			SetLoadedEditorAssemblies (3ms)
			RefreshPlugins (0ms)
			BeforeProcessingInitializeOnLoad (76ms)
			ProcessInitializeOnLoadAttributes (331ms)
			ProcessInitializeOnLoadMethodAttributes (66ms)
			AfterProcessingInitializeOnLoad (3ms)
			EditorAssembliesLoaded (0ms)
		ExecutionOrderSort2 (0ms)
		AwakeInstancesAfterBackupRestoration (15ms)
Refreshing native plugins compatible for Editor in 4.99 ms, found 4 plugins.
Preloading 0 native plugins for Editor in 0.00 ms.
Unloading 5573 Unused Serialized files (Serialized files now loaded: 0)
Unloading 35 unused Assets / (0.9 MB). Loaded Objects now: 6256.
Memory consumption went from 199.8 MB to 199.0 MB.
Total: 3.958900 ms (FindLiveObjects: 0.508600 ms CreateObjectMapping: 0.372700 ms MarkObjects: 2.664600 ms  DeleteObjects: 0.412400 ms)

Prepare: number of updated asset objects reloaded= 0
AssetImportParameters requested are different than current active one (requested -> active):
  custom:container-demuxer-ogg: 62fdf1f143b41e24485cea50d1cbac27 -> 
  custom:scripting/monoscript/fileName/Menu.cs: f8ad144ecc097d023673ac832072e82c -> 6a6b6f10406332b78ded19ddc96541c7
  custom:video-decoder-ogg-theora: a1e56fd34408186e4bbccfd4996cb3dc -> 
  custom:framework-win-MediaFoundation: 216162199b28c13a410421893ffa2e32 -> 
  custom:CustomObjectIndexerAttribute: 72b91833f83ae208fae7752999fa3104 -> 
  custom:container-demuxer-webm: 4f35f7cbe854078d1ac9338744f61a02 -> 
  custom:scripting/monoscript/fileName/Health.cs: e0cc46be09b95eca6156bb4ae431b815 -> 0e01c5d611b7e6f68d551fd8377c081b
  custom:container-muxer-webm: aa71ff27fc2769a1b78a27578f13a17b -> 
  custom:video-decoder-webm-vp8: 9c59270c3fd7afecdb556c50c9e8de78 -> 
  custom:SearchIndexIgnoredProperties: e643bd26f0fe6173181afceb89e7c659 -> 
  custom:AudioImporter_EditorPlatform: d09bf68614088b80899f8185d706f6e7 -> 
  custom:scripting/monoscript/fileName/Plot.cs: 6bf935e657f81a7845b7f790ed745b48 -> ff780b05f174390d863d3ed42af71d3b
  custom:video-encoder-webm-vp8: eb34c28f22e8b96e1ab97ce403110664 -> 
  custom:audio-decoder-ogg-vorbis: bf7c407c2cedff20999df2af8eb42d56 -> 
  custom:scripting/monoscript/fileName/BuildManager.cs: fbce394598dc23390070552d063e2a6d -> aa4749ab7220c6aa42864632abb386d4
  custom:scripting/monoscript/fileName/Bullet.cs: 48ff13ede6c310cc0acf4a30e818a1de -> a4f5918e799041ba1f6608f13912eb8b
  custom:audio-encoder-webm-vorbis: bf7c407c2cedff20999df2af8eb42d56 -> 
  custom:scripting/monoscript/fileName/BuilderManager.cs: eb680d59157f10f24f481d5a421fdede -> 
========================================================================
Received Import Request.
  Time since last request: 10.400701 seconds.
  path: Assets/Arts/Prefabs/StrawEnemy.prefab
  artifactKey: Guid(352e3a3ad87f1d342914091972b02b14) Importer(815301076,1909f56bfc062723c751e8b465ee728b)
Start importing Assets/Arts/Prefabs/StrawEnemy.prefab using Guid(352e3a3ad87f1d342914091972b02b14) Importer(815301076,1909f56bfc062723c751e8b465ee728b) [PhysX] Initialized MultithreadedTaskDispatcher with 12 workers.
 -> (artifact id: 'e74e7c47a7ae61b177454f58c4ba9cc9') in 0.005727 seconds
Number of updated asset objects reloaded before import = 0
Number of asset objects unloaded after import = 0
========================================================================
Received Import Request.
  Time since last request: 0.000029 seconds.
  path: Assets/Arts/Prefabs/Bullet.prefab
  artifactKey: Guid(ca9713a6559c23f41b416b42ec07ec95) Importer(815301076,1909f56bfc062723c751e8b465ee728b)
Start importing Assets/Arts/Prefabs/Bullet.prefab using Guid(ca9713a6559c23f41b416b42ec07ec95) Importer(815301076,1909f56bfc062723c751e8b465ee728b) [PhysX] Initialized MultithreadedTaskDispatcher with 12 workers.
 -> (artifact id: 'bf427455b1c637b2ec7ae188126dc9ba') in 0.000588 seconds
Number of updated asset objects reloaded before import = 0
Number of asset objects unloaded after import = 0
========================================================================
Received Import Request.
  Time since last request: 1369.095360 seconds.
  path: Assets/Arts/Prefabs/Sniper Turtle.prefab
  artifactKey: Guid(c3c25dc1990fb6b40a3b518e0c23b732) Importer(815301076,1909f56bfc062723c751e8b465ee728b)
Start importing Assets/Arts/Prefabs/Sniper Turtle.prefab using Guid(c3c25dc1990fb6b40a3b518e0c23b732) Importer(815301076,1909f56bfc062723c751e8b465ee728b) [PhysX] Initialized MultithreadedTaskDispatcher with 12 workers.
 -> (artifact id: '235936f8e8f4af59a63cfd71da8a455f') in 0.000581 seconds
Number of updated asset objects reloaded before import = 0
Number of asset objects unloaded after import = 0
========================================================================
Received Import Request.
  Time since last request: 0.011746 seconds.
  path: Assets/Arts/Prefabs/StrawEnemy.prefab
  artifactKey: Guid(352e3a3ad87f1d342914091972b02b14) Importer(815301076,1909f56bfc062723c751e8b465ee728b)
Start importing Assets/Arts/Prefabs/StrawEnemy.prefab using Guid(352e3a3ad87f1d342914091972b02b14) Importer(815301076,1909f56bfc062723c751e8b465ee728b) [PhysX] Initialized MultithreadedTaskDispatcher with 12 workers.
 -> (artifact id: 'e74e7c47a7ae61b177454f58c4ba9cc9') in 0.000557 seconds
Number of updated asset objects reloaded before import = 0
Number of asset objects unloaded after import = 0
========================================================================
Received Import Request.
  Time since last request: 0.000028 seconds.
  path: Assets/Arts/Prefabs/test turtle.prefab
  artifactKey: Guid(d3e5812c64fb3ec40bafa6bc8092b98e) Importer(815301076,1909f56bfc062723c751e8b465ee728b)
Start importing Assets/Arts/Prefabs/test turtle.prefab using Guid(d3e5812c64fb3ec40bafa6bc8092b98e) Importer(815301076,1909f56bfc062723c751e8b465ee728b) [PhysX] Initialized MultithreadedTaskDispatcher with 12 workers.
 -> (artifact id: '7aadad9e104f8a140dd851b8e706b264') in 0.000566 seconds
Number of updated asset objects reloaded before import = 0
Number of asset objects unloaded after import = 0
Editor requested this worker to shutdown with reason: Scaling down because of idle timeout
TcpMessagingSession - receive error: operation aborted. errorcode: 995, details: The I/O operation has been aborted because of either a thread exit or an application request.
AssetImportWorker is now disconnected from the server
Process exiting
Exiting without the bug reporter. Application will terminate with return code 0